# JRE version: OpenJDK Runtime Environment (8.0_152-b06) (build 1.8.0_152-release-1136-b06)
# Java VM: OpenJDK 64-Bit Server VM (25.152-b06 mixed mode windows-amd64 compressed oops)
Heap:
 PSYoungGen      total 327680K, used 253585K [0x00000000eab00000, 0x00000000fff00000, 0x0000000100000000)
  eden space 308224K, 80% used [0x00000000eab00000,0x00000000f9e97e20,0x00000000fd800000)
  from space 19456K, 21% used [0x00000000fec00000,0x00000000ff00c7f0,0x00000000fff00000)
  to   space 19968K, 0% used [0x00000000fd800000,0x00000000fd800000,0x00000000feb80000)
 ParOldGen       total 88576K, used 68896K [0x00000000c0000000, 0x00000000c5680000, 0x00000000eab00000)
  object space 88576K, 77% used [0x00000000c0000000,0x00000000c4348238,0x00000000c5680000)
 Metaspace       used 77689K, capacity 81641K, committed 81920K, reserved 1120256K
  class space    used 9687K, capacity 10433K, committed 10496K, reserved 1048576K
GC Heap History (10 events):
Event: 2021.163 GC heap before
{Heap before GC invocations=33 (full 3):
 PSYoungGen      total 190976K, used 178280K [0x00000000eab00000, 0x00000000fa300000, 0x0000000100000000)
  eden space 172544K, 100% used [0x00000000eab00000,0x00000000f5380000,0x00000000f5380000)
  from space 18432K, 31% used [0x00000000f5380000,0x00000000f591a060,0x00000000f6580000)
  to   space 17920K, 0% used [0x00000000f9180000,0x00000000f9180000,0x00000000fa300000)
 ParOldGen       total 88576K, used 54400K [0x00000000c0000000, 0x00000000c5680000, 0x00000000eab00000)
  object space 88576K, 61% used [0x00000000c0000000,0x00000000c3520208,0x00000000c5680000)
 Metaspace       used 76338K, capacity 79659K, committed 80000K, reserved 1118208K
  class space    used 9571K, capacity 10244K, committed 10368K, reserved 1048576K
Event: 2021.202 GC heap after
Heap after GC invocations=33 (full 3):
 PSYoungGen      total 231936K, used 6195K [0x00000000eab00000, 0x00000000fa080000, 0x0000000100000000)
  eden space 216576K, 0% used [0x00000000eab00000,0x00000000eab00000,0x00000000f7e80000)
  from space 15360K, 40% used [0x00000000f9180000,0x00000000f978ccd0,0x00000000fa080000)
  to   space 17408K, 0% used [0x00000000f7e80000,0x00000000f7e80000,0x00000000f8f80000)
 ParOldGen       total 88576K, used 56895K [0x00000000c0000000, 0x00000000c5680000, 0x00000000eab00000)
  object space 88576K, 64% used [0x00000000c0000000,0x00000000c378ff58,0x00000000c5680000)
 Metaspace       used 76338K, capacity 79659K, committed 80000K, reserved 1118208K
  class space    used 9571K, capacity 10244K, committed 10368K, reserved 1048576K
}
Event: 2036.332 GC heap before
{Heap before GC invocations=34 (full 3):
 PSYoungGen      total 231936K, used 222771K [0x00000000eab00000, 0x00000000fa080000, 0x0000000100000000)
  eden space 216576K, 100% used [0x00000000eab00000,0x00000000f7e80000,0x00000000f7e80000)
  from space 15360K, 40% used [0x00000000f9180000,0x00000000f978ccd0,0x00000000fa080000)
  to   space 17408K, 0% used [0x00000000f7e80000,0x00000000f7e80000,0x00000000f8f80000)
 ParOldGen       total 88576K, used 56895K [0x00000000c0000000, 0x00000000c5680000, 0x00000000eab00000)
  object space 88576K, 64% used [0x00000000c0000000,0x00000000c378ff58,0x00000000c5680000)
 Metaspace       used 76534K, capacity 79861K, committed 80000K, reserved 1118208K
  class space    used 9580K, capacity 10245K, committed 10368K, reserved 1048576K
Event: 2036.547 GC heap after
Heap after GC invocations=34 (full 3):
 PSYoungGen      total 233984K, used 17397K [0x00000000eab00000, 0x00000000fda80000, 0x0000000100000000)
  eden space 216576K, 0% used [0x00000000eab00000,0x00000000eab00000,0x00000000f7e80000)
  from space 17408K, 99% used [0x00000000f7e80000,0x00000000f8f7d598,0x00000000f8f80000)
  to   space 20992K, 0% used [0x00000000fc600000,0x00000000fc600000,0x00000000fda80000)
 ParOldGen       total 88576K, used 59997K [0x00000000c0000000, 0x00000000c5680000, 0x00000000eab00000)
  object space 88576K, 67% used [0x00000000c0000000,0x00000000c3a975e0,0x00000000c5680000)
 Metaspace       used 76534K, capacity 79861K, committed 80000K, reserved 1118208K
  class space    used 9580K, capacity 10245K, committed 10368K, reserved 1048576K
}
Event: 2043.214 GC heap before
{Heap before GC invocations=35 (full 3):
 PSYoungGen      total 233984K, used 233445K [0x00000000eab00000, 0x00000000fda80000, 0x0000000100000000)
  eden space 216576K, 99% used [0x00000000eab00000,0x00000000f7dfc138,0x00000000f7e80000)
  from space 17408K, 99% used [0x00000000f7e80000,0x00000000f8f7d598,0x00000000f8f80000)
  to   space 20992K, 0% used [0x00000000fc600000,0x00000000fc600000,0x00000000fda80000)
 ParOldGen       total 88576K, used 59997K [0x00000000c0000000, 0x00000000c5680000, 0x00000000eab00000)
  object space 88576K, 67% used [0x00000000c0000000,0x00000000c3a975e0,0x00000000c5680000)
 Metaspace       used 76572K, capacity 79869K, committed 80000K, reserved 1118208K
  class space    used 9581K, capacity 10247K, committed 10368K, reserved 1048576K
Event: 2043.280 GC heap after
Heap after GC invocations=35 (full 3):
 PSYoungGen      total 283648K, used 7077K [0x00000000eab00000, 0x00000000fd700000, 0x0000000100000000)
  eden space 266240K, 0% used [0x00000000eab00000,0x00000000eab00000,0x00000000faf00000)
  from space 17408K, 40% used [0x00000000fc600000,0x00000000fcce97f0,0x00000000fd700000)
  to   space 20480K, 0% used [0x00000000faf00000,0x00000000faf00000,0x00000000fc300000)
 ParOldGen       total 88576K, used 64493K [0x00000000c0000000, 0x00000000c5680000, 0x00000000eab00000)
  object space 88576K, 72% used [0x00000000c0000000,0x00000000c3efb618,0x00000000c5680000)
 Metaspace       used 76572K, capacity 79869K, committed 80000K, reserved 1118208K
  class space    used 9581K, capacity 10247K, committed 10368K, reserved 1048576K
}
Event: 2058.730 GC heap before
{Heap before GC invocations=36 (full 3):
 PSYoungGen      total 283648K, used 273027K [0x00000000eab00000, 0x00000000fd700000, 0x0000000100000000)
  eden space 266240K, 99% used [0x00000000eab00000,0x00000000faeb7798,0x00000000faf00000)
  from space 17408K, 40% used [0x00000000fc600000,0x00000000fcce97f0,0x00000000fd700000)
  to   space 20480K, 0% used [0x00000000faf00000,0x00000000faf00000,0x00000000fc300000)
 ParOldGen       total 88576K, used 64493K [0x00000000c0000000, 0x00000000c5680000, 0x00000000eab00000)
  object space 88576K, 72% used [0x00000000c0000000,0x00000000c3efb618,0x00000000c5680000)
 Metaspace       used 76672K, capacity 80019K, committed 80256K, reserved 1120256K
  class space    used 9583K, capacity 10250K, committed 10368K, reserved 1048576K
Event: 2058.799 GC heap after
Heap after GC invocations=36 (full 3):
 PSYoungGen      total 286720K, used 1836K [0x00000000eab00000, 0x0000000100000000, 0x0000000100000000)
  eden space 266240K, 0% used [0x00000000eab00000,0x00000000eab00000,0x00000000faf00000)
  from space 20480K, 8% used [0x00000000faf00000,0x00000000fb0cb028,0x00000000fc300000)
  to   space 20480K, 0% used [0x00000000fec00000,0x00000000fec00000,0x0000000100000000)
 ParOldGen       total 88576K, used 68784K [0x00000000c0000000, 0x00000000c5680000, 0x00000000eab00000)
  object space 88576K, 77% used [0x00000000c0000000,0x00000000c432c218,0x00000000c5680000)
 Metaspace       used 76672K, capacity 80019K, committed 80256K, reserved 1120256K
  class space    used 9583K, capacity 10250K, committed 10368K, reserved 1048576K
}
Event: 2510.617 GC heap before
{Heap before GC invocations=37 (full 3):
 PSYoungGen      total 286720K, used 268076K [0x00000000eab00000, 0x0000000100000000, 0x0000000100000000)
  eden space 266240K, 100% used [0x00000000eab00000,0x00000000faf00000,0x00000000faf00000)
  from space 20480K, 8% used [0x00000000faf00000,0x00000000fb0cb028,0x00000000fc300000)
  to   space 20480K, 0% used [0x00000000fec00000,0x00000000fec00000,0x0000000100000000)
 ParOldGen       total 88576K, used 68784K [0x00000000c0000000, 0x00000000c5680000, 0x00000000eab00000)
  object space 88576K, 77% used [0x00000000c0000000,0x00000000c432c218,0x00000000c5680000)
 Metaspace       used 77404K, capacity 81225K, committed 81408K, reserved 1120256K
  class space    used 9672K, capacity 10407K, committed 10496K, reserved 1048576K
Event: 2511.013 GC heap after
Heap after GC invocations=37 (full 3):
 PSYoungGen      total 327680K, used 4145K [0x00000000eab00000, 0x00000000fff00000, 0x0000000100000000)
  eden space 308224K, 0% used [0x00000000eab00000,0x00000000eab00000,0x00000000fd800000)
  from space 19456K, 21% used [0x00000000fec00000,0x00000000ff00c7f0,0x00000000fff00000)
  to   space 19968K, 0% used [0x00000000fd800000,0x00000000fd800000,0x00000000feb80000)
 ParOldGen       total 88576K, used 68896K [0x00000000c0000000, 0x00000000c5680000, 0x00000000eab00000)
  object space 88576K, 77% used [0x00000000c0000000,0x00000000c4348238,0x00000000c5680000)
 Metaspace       used 77404K, capacity 81225K, committed 81408K, reserved 1120256K
  class space    used 9672K, capacity 10407K, committed 10496K, reserved 1048576K
}

